<?xml version="1.0" encoding="UTF-8"?>
<testsuite name="com.example.goodWriting.domain.user.service.UserServiceTest" tests="6" skipped="0" failures="0" errors="0" timestamp="2023-05-06T23:21:17" hostname="gimminjun-ui-MacBookAir.local" time="0.026">
  <properties/>
  <testcase name="회원가입시 비밀번호와 비밀번호체크가 일치하지 않는다." classname="com.example.goodWriting.domain.user.service.UserServiceTest" time="0.021"/>
  <testcase name="로그인시 아이디가 존재하지 않는다." classname="com.example.goodWriting.domain.user.service.UserServiceTest" time="0.001"/>
  <testcase name="회원가입 성공" classname="com.example.goodWriting.domain.user.service.UserServiceTest" time="0.001"/>
  <testcase name="로그인시 비밀번호가 일치하지 않는다." classname="com.example.goodWriting.domain.user.service.UserServiceTest" time="0.001"/>
  <testcase name="회원가입시 이메일이 이미 존재한다" classname="com.example.goodWriting.domain.user.service.UserServiceTest" time="0.001"/>
  <testcase name="로그인 성공" classname="com.example.goodWriting.domain.user.service.UserServiceTest" time="0.0"/>
  <system-out><![CDATA[2023-05-07T08:21:17.114+09:00  INFO 86524 --- [    Test worker] c.e.g.domain.user.service.UserService    : PasswordNotMatchedException
2023-05-07T08:21:17.118+09:00  INFO 86524 --- [    Test worker] c.e.g.domain.user.service.UserService    : NotFountUserException
2023-05-07T08:21:17.119+09:00  INFO 86524 --- [    Test worker] c.e.g.domain.user.service.UserService    : UserEmailAlreadyException
]]></system-out>
  <system-err><![CDATA[]]></system-err>
</testsuite>
