<?xml version="1.0" encoding="UTF-8"?>
<testsuite name="com.example.goodWriting.domain.post.dto.PostCreateRequestValidationTest" tests="3" skipped="0" failures="0" errors="0" timestamp="2023-05-06T23:21:16" hostname="gimminjun-ui-MacBookAir.local" time="0.067">
  <properties/>
  <testcase name="내용 미입력" classname="com.example.goodWriting.domain.post.dto.PostCreateRequestValidationTest" time="0.057"/>
  <testcase name="제목 미입력" classname="com.example.goodWriting.domain.post.dto.PostCreateRequestValidationTest" time="0.002"/>
  <testcase name="URL 미입력" classname="com.example.goodWriting.domain.post.dto.PostCreateRequestValidationTest" time="0.005"/>
  <system-out><![CDATA[]]></system-out>
  <system-err><![CDATA[]]></system-err>
</testsuite>
