<?xml version="1.0" encoding="UTF-8"?>
<testsuite name="com.example.goodWriting.domain.post.service.PostServiceTest" tests="2" skipped="0" failures="0" errors="0" timestamp="2023-05-06T23:21:16" hostname="gimminjun-ui-MacBookAir.local" time="0.047">
  <properties/>
  <testcase name="동일한 URL 예외" classname="com.example.goodWriting.domain.post.service.PostServiceTest" time="0.045"/>
  <testcase name="올바르지 못한 URL 예외" classname="com.example.goodWriting.domain.post.service.PostServiceTest" time="0.001"/>
  <system-out><![CDATA[]]></system-out>
  <system-err><![CDATA[]]></system-err>
</testsuite>
