<?xml version="1.0" encoding="UTF-8"?>
<testsuite name="com.example.goodWriting.CrawlerTest" tests="9" skipped="0" failures="0" errors="0" timestamp="2023-05-19T03:07:15" hostname="gimminjun-ui-MacBookAir.local" time="0.996">
  <properties/>
  <testcase name="https 프로토콜이 url에 존재한다" classname="com.example.goodWriting.CrawlerTest" time="0.001"/>
  <testcase name="URL regex를 만족한다" classname="com.example.goodWriting.CrawlerTest" time="0.0"/>
  <testcase name="https 프로토콜이 url에 존재하지않는다." classname="com.example.goodWriting.CrawlerTest" time="0.001"/>
  <testcase name="URL regex를 만족하지못한다" classname="com.example.goodWriting.CrawlerTest" time="0.0"/>
  <testcase name="HTTP status가 404이다" classname="com.example.goodWriting.CrawlerTest" time="0.001"/>
  <testcase name="올바른 URL 접근" classname="com.example.goodWriting.CrawlerTest" time="0.205"/>
  <testcase name="잘못된 URI 접근" classname="com.example.goodWriting.CrawlerTest" time="0.061"/>
  <testcase name="입력된 URL에서 이미지,제목,설명을 크롤링한다" classname="com.example.goodWriting.CrawlerTest" time="0.687"/>
  <testcase name="HTTP status가 404가 아닌 URL 이다" classname="com.example.goodWriting.CrawlerTest" time="0.039"/>
  <system-out><![CDATA[에러
404
트랜잭션 격리 수준
Transaction Isolation Level 애플리케이션을 개발 중 데이터베이스를 도입하면 격리 수준에 대한 이해가 자연스럽게 요구됩니다. 격리 수준은 데이터베이스의 ACID 성질 중 Isolation…
https://tecoble.techcourse.co.kr//static/64c8b860c2aa4433524a1d980618bc06/3ba25/mysql_isolation.png
]]></system-out>
  <system-err><![CDATA[]]></system-err>
</testsuite>
