<?xml version="1.0" encoding="UTF-8"?>
<testsuite name="com.example.goodWriting.domain.user.controller.UserControllerTest" tests="3" skipped="0" failures="0" errors="0" timestamp="2023-05-19T03:07:16" hostname="gimminjun-ui-MacBookAir.local" time="0.025">
  <properties/>
  <testcase name="logout()" classname="com.example.goodWriting.domain.user.controller.UserControllerTest" time="0.007"/>
  <testcase name="signUp()" classname="com.example.goodWriting.domain.user.controller.UserControllerTest" time="0.009"/>
  <testcase name="로그인 성공" classname="com.example.goodWriting.domain.user.controller.UserControllerTest" time="0.008"/>
  <system-out><![CDATA[2023-05-19T12:07:16.470+09:00  INFO 95821 --- [    Test worker] o.s.mock.web.MockServletContext          : Initializing Spring TestDispatcherServlet ''
2023-05-19T12:07:16.470+09:00  INFO 95821 --- [    Test worker] o.s.t.web.servlet.TestDispatcherServlet  : Initializing Servlet ''
2023-05-19T12:07:16.470+09:00  INFO 95821 --- [    Test worker] o.s.t.web.servlet.TestDispatcherServlet  : Completed initialization in 0 ms
2023-05-19T12:07:16.472+09:00  INFO 95821 --- [    Test worker] c.e.g.d.user.controller.UserController   : logout
2023-05-19T12:07:16.477+09:00  INFO 95821 --- [    Test worker] o.s.mock.web.MockServletContext          : Initializing Spring TestDispatcherServlet ''
2023-05-19T12:07:16.477+09:00  INFO 95821 --- [    Test worker] o.s.t.web.servlet.TestDispatcherServlet  : Initializing Servlet ''
2023-05-19T12:07:16.477+09:00  INFO 95821 --- [    Test worker] o.s.t.web.servlet.TestDispatcherServlet  : Completed initialization in 0 ms
2023-05-19T12:07:16.486+09:00  INFO 95821 --- [    Test worker] o.s.mock.web.MockServletContext          : Initializing Spring TestDispatcherServlet ''
2023-05-19T12:07:16.487+09:00  INFO 95821 --- [    Test worker] o.s.t.web.servlet.TestDispatcherServlet  : Initializing Servlet ''
2023-05-19T12:07:16.487+09:00  INFO 95821 --- [    Test worker] o.s.t.web.servlet.TestDispatcherServlet  : Completed initialization in 0 ms
2023-05-19T12:07:16.489+09:00  INFO 95821 --- [    Test worker] c.e.g.d.user.controller.UserController   : jmk7117@naver.com
2023-05-19T12:07:16.490+09:00  INFO 95821 --- [    Test worker] c.e.g.d.user.controller.UserController   : 123456abc
]]></system-out>
  <system-err><![CDATA[]]></system-err>
</testsuite>
