<?xml version="1.0" encoding="UTF-8"?>
<testsuite name="com.example.goodWriting.GoodWritingApplicationTests" tests="1" skipped="0" failures="0" errors="0" timestamp="2023-05-06T23:21:16" hostname="gimminjun-ui-MacBookAir.local" time="0.1">
  <properties/>
  <testcase name="contextLoads()" classname="com.example.goodWriting.GoodWritingApplicationTests" time="0.1"/>
  <system-out><![CDATA[08:21:13.508 [Test worker] DEBUG org.springframework.boot.test.context.SpringBootTestContextBootstrapper -- Neither @ContextConfiguration nor @ContextHierarchy found for test class [GoodWritingApplicationTests]: using SpringBootContextLoader
08:21:13.511 [Test worker] DEBUG org.springframework.test.context.support.AbstractContextLoader -- Could not detect default resource locations for test class [com.example.goodWriting.GoodWritingApplicationTests]: no resource found for suffixes {-context.xml, Context.groovy}.
08:21:13.511 [Test worker] INFO org.springframework.test.context.support.AnnotationConfigContextLoaderUtils -- Could not detect default configuration classes for test class [com.example.goodWriting.GoodWritingApplicationTests]: GoodWritingApplicationTests does not declare any static, non-private, non-final, nested classes annotated with @Configuration.
08:21:13.526 [Test worker] DEBUG org.springframework.boot.test.context.SpringBootTestContextBootstrapper -- Using ContextCustomizers for test class [GoodWritingApplicationTests]: [DisableObservabilityContextCustomizer, PropertyMappingContextCustomizer, Customizer, ExcludeFilterContextCustomizer, DuplicateJsonObjectContextCustomizer, MockitoContextCustomizer, TestRestTemplateContextCustomizer]
08:21:13.588 [Test worker] DEBUG org.springframework.context.annotation.ClassPathScanningCandidateComponentProvider -- Identified candidate component class: file [/Users/kimminjun/Desktop/vue/toy-backend/build/classes/java/main/com/example/goodWriting/GoodWritingApplication.class]
08:21:13.589 [Test worker] INFO org.springframework.boot.test.context.SpringBootTestContextBootstrapper -- Found @SpringBootConfiguration com.example.goodWriting.GoodWritingApplication for test class com.example.goodWriting.GoodWritingApplicationTests
08:21:13.668 [Test worker] DEBUG org.springframework.boot.test.context.SpringBootTestContextBootstrapper -- Using TestExecutionListeners for test class [GoodWritingApplicationTests]: [ServletTestExecutionListener, DirtiesContextBeforeModesTestExecutionListener, ApplicationEventsTestExecutionListener, MockitoTestExecutionListener, DependencyInjectionTestExecutionListener, DirtiesContextTestExecutionListener, TransactionalTestExecutionListener, SqlScriptsTestExecutionListener, EventPublishingTestExecutionListener, RestDocsTestExecutionListener, MockRestServiceServerResetTestExecutionListener, MockMvcPrintOnlyOnFailureTestExecutionListener, WebDriverTestExecutionListener, MockWebServiceServerTestExecutionListener, ResetMocksTestExecutionListener]
08:21:13.669 [Test worker] DEBUG org.springframework.test.context.support.AbstractDirtiesContextTestExecutionListener -- Before test class: class [GoodWritingApplicationTests], class annotated with @DirtiesContext [false] with mode [null]

  .   ____          _            __ _ _
 /\\ / ___'_ __ _ _(_)_ __  __ _ \ \ \ \
( ( )\___ | '_ | '_| | '_ \/ _` | \ \ \ \
 \\/  ___)| |_)| | | | | || (_| |  ) ) ) )
  '  |____| .__|_| |_|_| |_\__, | / / / /
 =========|_|==============|___/=/_/_/_/
 :: Spring Boot ::                (v3.0.6)

2023-05-07T08:21:13.894+09:00  INFO 86524 --- [    Test worker] c.e.g.GoodWritingApplicationTests        : Starting GoodWritingApplicationTests using Java 17.0.4 with PID 86524 (started by kimminjun in /Users/kimminjun/Desktop/vue/toy-backend)
2023-05-07T08:21:13.895+09:00  INFO 86524 --- [    Test worker] c.e.g.GoodWritingApplicationTests        : No active profile set, falling back to 1 default profile: "default"
2023-05-07T08:21:14.326+09:00  INFO 86524 --- [    Test worker] .s.d.r.c.RepositoryConfigurationDelegate : Bootstrapping Spring Data JPA repositories in DEFAULT mode.
2023-05-07T08:21:14.364+09:00  INFO 86524 --- [    Test worker] .s.d.r.c.RepositoryConfigurationDelegate : Finished Spring Data repository scanning in 32 ms. Found 2 JPA repository interfaces.
2023-05-07T08:21:14.640+09:00  INFO 86524 --- [    Test worker] o.hibernate.jpa.internal.util.LogHelper  : HHH000204: Processing PersistenceUnitInfo [name: default]
2023-05-07T08:21:14.677+09:00  INFO 86524 --- [    Test worker] org.hibernate.Version                    : HHH000412: Hibernate ORM core version 6.1.7.Final
2023-05-07T08:21:14.870+09:00  INFO 86524 --- [    Test worker] com.zaxxer.hikari.HikariDataSource       : HikariPool-1 - Starting...
2023-05-07T08:21:14.937+09:00  INFO 86524 --- [    Test worker] com.zaxxer.hikari.pool.HikariPool        : HikariPool-1 - Added connection org.mariadb.jdbc.Connection@7107a4a3
2023-05-07T08:21:14.941+09:00  INFO 86524 --- [    Test worker] com.zaxxer.hikari.HikariDataSource       : HikariPool-1 - Start completed.
2023-05-07T08:21:14.959+09:00  INFO 86524 --- [    Test worker] SQL dialect                              : HHH000400: Using dialect: org.hibernate.dialect.MySQL57Dialect
2023-05-07T08:21:14.960+09:00  WARN 86524 --- [    Test worker] org.hibernate.orm.deprecation            : HHH90000026: MySQL57Dialect has been deprecated; use org.hibernate.dialect.MySQLDialect instead
2023-05-07T08:21:15.548+09:00  INFO 86524 --- [    Test worker] o.h.e.t.j.p.i.JtaPlatformInitiator       : HHH000490: Using JtaPlatform implementation: [org.hibernate.engine.transaction.jta.platform.internal.NoJtaPlatform]
2023-05-07T08:21:15.554+09:00  INFO 86524 --- [    Test worker] j.LocalContainerEntityManagerFactoryBean : Initialized JPA EntityManagerFactory for persistence unit 'default'
2023-05-07T08:21:16.171+09:00  INFO 86524 --- [    Test worker] c.e.g.GoodWritingApplicationTests        : Started GoodWritingApplicationTests in 2.473 seconds (process running for 9.331)
]]></system-out>
  <system-err><![CDATA[]]></system-err>
</testsuite>
