<?xml version="1.0" encoding="UTF-8"?>
<testsuite name="com.example.goodWriting.CrawlerTest" tests="1" skipped="0" failures="0" errors="0" timestamp="2023-05-01T14:50:21" hostname="gimminjun-ui-MacBookAir.local" time="0.436">
  <properties/>
  <testcase name="이미지()" classname="com.example.goodWriting.CrawlerTest" time="0.436"/>
  <system-out><![CDATA[]]></system-out>
  <system-err><![CDATA[]]></system-err>
</testsuite>
