<?xml version="1.0" encoding="UTF-8"?>
<testsuite name="com.example.goodWriting.domain.user.repository.UserRepositoryTest" tests="2" skipped="0" failures="0" errors="0" timestamp="2023-05-19T03:07:14" hostname="gimminjun-ui-MacBookAir.local" time="0.242">
  <properties/>
  <testcase name="해당 이메일을 가진 user가 존재한다" classname="com.example.goodWriting.domain.user.repository.UserRepositoryTest" time="0.179"/>
  <testcase name="해당이메일로 user를 찾는다" classname="com.example.goodWriting.domain.user.repository.UserRepositoryTest" time="0.063"/>
  <system-out><![CDATA[2023-05-19T12:07:14.442+09:00  INFO 95821 --- [    Test worker] t.c.s.AnnotationConfigContextLoaderUtils : Could not detect default configuration classes for test class [com.example.goodWriting.domain.user.repository.UserRepositoryTest]: UserRepositoryTest does not declare any static, non-private, non-final, nested classes annotated with @Configuration.
2023-05-19T12:07:14.452+09:00  INFO 95821 --- [    Test worker] .b.t.c.SpringBootTestContextBootstrapper : Found @SpringBootConfiguration com.example.goodWriting.GoodWritingApplication for test class com.example.goodWriting.domain.user.repository.UserRepositoryTest

  .   ____          _            __ _ _
 /\\ / ___'_ __ _ _(_)_ __  __ _ \ \ \ \
( ( )\___ | '_ | '_| | '_ \/ _` | \ \ \ \
 \\/  ___)| |_)| | | | | || (_| |  ) ) ) )
  '  |____| .__|_| |_|_| |_\__, | / / / /
 =========|_|==============|___/=/_/_/_/
 :: Spring Boot ::                (v3.0.6)

2023-05-19T12:07:14.466+09:00  INFO 95821 --- [    Test worker] c.e.g.d.u.repository.UserRepositoryTest  : Starting UserRepositoryTest using Java 17.0.4 with PID 95821 (started by kimminjun in /Users/kimminjun/Desktop/vue/toy-backend)
2023-05-19T12:07:14.466+09:00  INFO 95821 --- [    Test worker] c.e.g.d.u.repository.UserRepositoryTest  : No active profile set, falling back to 1 default profile: "default"
2023-05-19T12:07:14.503+09:00  INFO 95821 --- [    Test worker] .s.d.r.c.RepositoryConfigurationDelegate : Bootstrapping Spring Data JPA repositories in DEFAULT mode.
2023-05-19T12:07:14.509+09:00  INFO 95821 --- [    Test worker] .s.d.r.c.RepositoryConfigurationDelegate : Finished Spring Data repository scanning in 5 ms. Found 2 JPA repository interfaces.
2023-05-19T12:07:14.538+09:00  INFO 95821 --- [    Test worker] o.hibernate.jpa.internal.util.LogHelper  : HHH000204: Processing PersistenceUnitInfo [name: default]
2023-05-19T12:07:14.540+09:00  INFO 95821 --- [    Test worker] com.zaxxer.hikari.HikariDataSource       : HikariPool-2 - Starting...
2023-05-19T12:07:14.631+09:00  INFO 95821 --- [    Test worker] com.zaxxer.hikari.pool.HikariPool        : HikariPool-2 - Added connection com.mysql.cj.jdbc.ConnectionImpl@20a4511e
2023-05-19T12:07:14.632+09:00  INFO 95821 --- [    Test worker] com.zaxxer.hikari.HikariDataSource       : HikariPool-2 - Start completed.
2023-05-19T12:07:14.632+09:00  INFO 95821 --- [    Test worker] SQL dialect                              : HHH000400: Using dialect: org.hibernate.dialect.MySQL57Dialect
2023-05-19T12:07:14.632+09:00  WARN 95821 --- [    Test worker] org.hibernate.orm.deprecation            : HHH90000026: MySQL57Dialect has been deprecated; use org.hibernate.dialect.MySQLDialect instead
2023-05-19T12:07:14.732+09:00  INFO 95821 --- [    Test worker] o.h.e.t.j.p.i.JtaPlatformInitiator       : HHH000490: Using JtaPlatform implementation: [org.hibernate.engine.transaction.jta.platform.internal.NoJtaPlatform]
2023-05-19T12:07:14.733+09:00  INFO 95821 --- [    Test worker] j.LocalContainerEntityManagerFactoryBean : Initialized JPA EntityManagerFactory for persistence unit 'default'
2023-05-19T12:07:14.785+09:00  INFO 95821 --- [    Test worker] c.e.g.d.u.repository.UserRepositoryTest  : Started UserRepositoryTest in 0.331 seconds (process running for 4.044)
Hibernate: insert into user (created_at, email, modiified_at, name, password) values (?, ?, ?, ?, ?)
Hibernate: select u1_0.user_id from user u1_0 where u1_0.email=? limit ?
Hibernate: insert into user (created_at, email, modiified_at, name, password) values (?, ?, ?, ?, ?)
Hibernate: select u1_0.user_id,u1_0.created_at,u1_0.email,u1_0.modiified_at,u1_0.name,u1_0.password from user u1_0 where u1_0.email=?
]]></system-out>
  <system-err><![CDATA[]]></system-err>
</testsuite>
