<?xml version="1.0" encoding="UTF-8"?>
<testsuite name="com.example.goodWriting.domain.post.dto.PostTempCreateValidationRequest" tests="1" skipped="0" failures="0" errors="0" timestamp="2023-05-06T23:21:16" hostname="gimminjun-ui-MacBookAir.local" time="0.001">
  <properties/>
  <testcase name="URL 미입력" classname="com.example.goodWriting.domain.post.dto.PostTempCreateValidationRequest" time="0.001"/>
  <system-out><![CDATA[]]></system-out>
  <system-err><![CDATA[]]></system-err>
</testsuite>
