<?xml version="1.0" encoding="UTF-8"?>
<testsuite name="com.example.goodWriting.CrawlerTest" tests="9" skipped="0" failures="0" errors="0" timestamp="2023-05-06T23:21:12" hostname="gimminjun-ui-MacBookAir.local" time="0.98">
  <properties/>
  <testcase name="https 프로토콜이 url에 존재한다" classname="com.example.goodWriting.CrawlerTest" time="0.021"/>
  <testcase name="URL regex를 만족한다" classname="com.example.goodWriting.CrawlerTest" time="0.001"/>
  <testcase name="https 프로토콜이 url에 존재하지않는다." classname="com.example.goodWriting.CrawlerTest" time="0.001"/>
  <testcase name="URL regex를 만족하지못한다" classname="com.example.goodWriting.CrawlerTest" time="0.001"/>
  <testcase name="HTTP status가 404이다" classname="com.example.goodWriting.CrawlerTest" time="0.002"/>
  <testcase name="올바른 URL 접근" classname="com.example.goodWriting.CrawlerTest" time="0.447"/>
  <testcase name="잘못된 URI 접근" classname="com.example.goodWriting.CrawlerTest" time="0.052"/>
  <testcase name="입력된 URL에서 이미지,제목,설명을 크롤링한다" classname="com.example.goodWriting.CrawlerTest" time="0.419"/>
  <testcase name="HTTP status가 404가 아닌 URL 이다" classname="com.example.goodWriting.CrawlerTest" time="0.032"/>
  <system-out><![CDATA[에러
404
]]></system-out>
  <system-err><![CDATA[]]></system-err>
</testsuite>
