<?xml version="1.0" encoding="UTF-8"?>
<testsuite name="com.example.goodWriting.domain.post.controller.PostControllerAdivceTest" tests="3" skipped="0" failures="0" errors="0" timestamp="2023-05-06T23:21:16" hostname="gimminjun-ui-MacBookAir.local" time="0.225">
  <properties/>
  <testcase name="이미 존재하는 url" classname="com.example.goodWriting.domain.post.controller.PostControllerAdivceTest" time="0.203"/>
  <testcase name="유효하지 못한 URL" classname="com.example.goodWriting.domain.post.controller.PostControllerAdivceTest" time="0.01"/>
  <testcase name="유효하지 못한 URL" classname="com.example.goodWriting.domain.post.controller.PostControllerAdivceTest" time="0.011"/>
  <system-out><![CDATA[2023-05-07T08:21:16.341+09:00  INFO 86524 --- [    Test worker] o.s.mock.web.MockServletContext          : Initializing Spring TestDispatcherServlet ''
2023-05-07T08:21:16.341+09:00  INFO 86524 --- [    Test worker] o.s.t.web.servlet.TestDispatcherServlet  : Initializing Servlet ''
2023-05-07T08:21:16.342+09:00  INFO 86524 --- [    Test worker] o.s.t.web.servlet.TestDispatcherServlet  : Completed initialization in 0 ms
2023-05-07T08:21:16.494+09:00  INFO 86524 --- [    Test worker] o.s.mock.web.MockServletContext          : Initializing Spring TestDispatcherServlet ''
2023-05-07T08:21:16.494+09:00  INFO 86524 --- [    Test worker] o.s.t.web.servlet.TestDispatcherServlet  : Initializing Servlet ''
2023-05-07T08:21:16.495+09:00  INFO 86524 --- [    Test worker] o.s.t.web.servlet.TestDispatcherServlet  : Completed initialization in 1 ms
2023-05-07T08:21:16.505+09:00  INFO 86524 --- [    Test worker] o.s.mock.web.MockServletContext          : Initializing Spring TestDispatcherServlet ''
2023-05-07T08:21:16.505+09:00  INFO 86524 --- [    Test worker] o.s.t.web.servlet.TestDispatcherServlet  : Initializing Servlet ''
2023-05-07T08:21:16.506+09:00  INFO 86524 --- [    Test worker] o.s.t.web.servlet.TestDispatcherServlet  : Completed initialization in 0 ms
]]></system-out>
  <system-err><![CDATA[]]></system-err>
</testsuite>
