<?xml version="1.0" encoding="UTF-8"?>
<testsuite name="com.example.goodWriting.domain.user.controller.UserServiceExceptionTest" tests="1" skipped="0" failures="0" errors="0" timestamp="2023-05-02T13:33:30" hostname="gimminjun-ui-MacBookAir.local" time="0.242">
  <properties/>
  <testcase name="throwUserEmailValidException()" classname="com.example.goodWriting.domain.user.controller.UserServiceExceptionTest" time="0.242"/>
  <system-out><![CDATA[]]></system-out>
  <system-err><![CDATA[]]></system-err>
</testsuite>
