<?xml version="1.0" encoding="UTF-8"?>
<testsuite name="com.example.goodWriting.GoodWritingApplicationTests" tests="1" skipped="0" failures="0" errors="0" timestamp="2023-05-19T03:07:14" hostname="gimminjun-ui-MacBookAir.local" time="0.096">
  <properties/>
  <testcase name="contextLoads()" classname="com.example.goodWriting.GoodWritingApplicationTests" time="0.096"/>
  <system-out><![CDATA[12:07:11.434 [Test worker] DEBUG org.springframework.boot.test.context.SpringBootTestContextBootstrapper -- Neither @ContextConfiguration nor @ContextHierarchy found for test class [GoodWritingApplicationTests]: using SpringBootContextLoader
12:07:11.439 [Test worker] DEBUG org.springframework.test.context.support.AbstractContextLoader -- Could not detect default resource locations for test class [com.example.goodWriting.GoodWritingApplicationTests]: no resource found for suffixes {-context.xml, Context.groovy}.
12:07:11.440 [Test worker] INFO org.springframework.test.context.support.AnnotationConfigContextLoaderUtils -- Could not detect default configuration classes for test class [com.example.goodWriting.GoodWritingApplicationTests]: GoodWritingApplicationTests does not declare any static, non-private, non-final, nested classes annotated with @Configuration.
12:07:11.456 [Test worker] DEBUG org.springframework.boot.test.context.SpringBootTestContextBootstrapper -- Using ContextCustomizers for test class [GoodWritingApplicationTests]: [DisableObservabilityContextCustomizer, PropertyMappingContextCustomizer, Customizer, ExcludeFilterContextCustomizer, DuplicateJsonObjectContextCustomizer, MockitoContextCustomizer, TestRestTemplateContextCustomizer]
12:07:11.520 [Test worker] DEBUG org.springframework.context.annotation.ClassPathScanningCandidateComponentProvider -- Identified candidate component class: file [/Users/kimminjun/Desktop/vue/toy-backend/build/classes/java/main/com/example/goodWriting/GoodWritingApplication.class]
12:07:11.521 [Test worker] INFO org.springframework.boot.test.context.SpringBootTestContextBootstrapper -- Found @SpringBootConfiguration com.example.goodWriting.GoodWritingApplication for test class com.example.goodWriting.GoodWritingApplicationTests
12:07:11.612 [Test worker] DEBUG org.springframework.boot.test.context.SpringBootTestContextBootstrapper -- Using TestExecutionListeners for test class [GoodWritingApplicationTests]: [ServletTestExecutionListener, DirtiesContextBeforeModesTestExecutionListener, ApplicationEventsTestExecutionListener, MockitoTestExecutionListener, DependencyInjectionTestExecutionListener, DirtiesContextTestExecutionListener, TransactionalTestExecutionListener, SqlScriptsTestExecutionListener, EventPublishingTestExecutionListener, RestDocsTestExecutionListener, MockRestServiceServerResetTestExecutionListener, MockMvcPrintOnlyOnFailureTestExecutionListener, WebDriverTestExecutionListener, MockWebServiceServerTestExecutionListener, ResetMocksTestExecutionListener]
12:07:11.612 [Test worker] DEBUG org.springframework.test.context.support.AbstractDirtiesContextTestExecutionListener -- Before test class: class [GoodWritingApplicationTests], class annotated with @DirtiesContext [false] with mode [null]

  .   ____          _            __ _ _
 /\\ / ___'_ __ _ _(_)_ __  __ _ \ \ \ \
( ( )\___ | '_ | '_| | '_ \/ _` | \ \ \ \
 \\/  ___)| |_)| | | | | || (_| |  ) ) ) )
  '  |____| .__|_| |_|_| |_\__, | / / / /
 =========|_|==============|___/=/_/_/_/
 :: Spring Boot ::                (v3.0.6)

2023-05-19T12:07:11.854+09:00  INFO 95821 --- [    Test worker] c.e.g.GoodWritingApplicationTests        : Starting GoodWritingApplicationTests using Java 17.0.4 with PID 95821 (started by kimminjun in /Users/kimminjun/Desktop/vue/toy-backend)
2023-05-19T12:07:11.855+09:00  INFO 95821 --- [    Test worker] c.e.g.GoodWritingApplicationTests        : No active profile set, falling back to 1 default profile: "default"
2023-05-19T12:07:12.298+09:00  INFO 95821 --- [    Test worker] .s.d.r.c.RepositoryConfigurationDelegate : Bootstrapping Spring Data JPA repositories in DEFAULT mode.
2023-05-19T12:07:12.338+09:00  INFO 95821 --- [    Test worker] .s.d.r.c.RepositoryConfigurationDelegate : Finished Spring Data repository scanning in 34 ms. Found 2 JPA repository interfaces.
2023-05-19T12:07:12.620+09:00  INFO 95821 --- [    Test worker] o.hibernate.jpa.internal.util.LogHelper  : HHH000204: Processing PersistenceUnitInfo [name: default]
2023-05-19T12:07:12.657+09:00  INFO 95821 --- [    Test worker] org.hibernate.Version                    : HHH000412: Hibernate ORM core version 6.1.7.Final
2023-05-19T12:07:12.873+09:00  INFO 95821 --- [    Test worker] com.zaxxer.hikari.HikariDataSource       : HikariPool-1 - Starting...
2023-05-19T12:07:13.110+09:00  INFO 95821 --- [    Test worker] com.zaxxer.hikari.pool.HikariPool        : HikariPool-1 - Added connection com.mysql.cj.jdbc.ConnectionImpl@17d1b2a0
2023-05-19T12:07:13.112+09:00  INFO 95821 --- [    Test worker] com.zaxxer.hikari.HikariDataSource       : HikariPool-1 - Start completed.
2023-05-19T12:07:13.126+09:00  INFO 95821 --- [    Test worker] SQL dialect                              : HHH000400: Using dialect: org.hibernate.dialect.MySQL57Dialect
2023-05-19T12:07:13.127+09:00  WARN 95821 --- [    Test worker] org.hibernate.orm.deprecation            : HHH90000026: MySQL57Dialect has been deprecated; use org.hibernate.dialect.MySQLDialect instead
2023-05-19T12:07:13.770+09:00  INFO 95821 --- [    Test worker] o.h.e.t.j.p.i.JtaPlatformInitiator       : HHH000490: Using JtaPlatform implementation: [org.hibernate.engine.transaction.jta.platform.internal.NoJtaPlatform]
2023-05-19T12:07:13.776+09:00  INFO 95821 --- [    Test worker] j.LocalContainerEntityManagerFactoryBean : Initialized JPA EntityManagerFactory for persistence unit 'default'
2023-05-19T12:07:14.331+09:00  INFO 95821 --- [    Test worker] c.e.g.GoodWritingApplicationTests        : Started GoodWritingApplicationTests in 2.686 seconds (process running for 3.59)
]]></system-out>
  <system-err><![CDATA[]]></system-err>
</testsuite>
