<?xml version="1.0" encoding="UTF-8"?>
<testsuite name="com.example.goodWriting.domain.user.controller.UserControllerTest" tests="3" skipped="0" failures="0" errors="0" timestamp="2023-05-06T23:21:16" hostname="gimminjun-ui-MacBookAir.local" time="0.028">
  <properties/>
  <testcase name="logout()" classname="com.example.goodWriting.domain.user.controller.UserControllerTest" time="0.008"/>
  <testcase name="signUp()" classname="com.example.goodWriting.domain.user.controller.UserControllerTest" time="0.01"/>
  <testcase name="로그인 성공" classname="com.example.goodWriting.domain.user.controller.UserControllerTest" time="0.01"/>
  <system-out><![CDATA[2023-05-07T08:21:16.706+09:00  INFO 86524 --- [    Test worker] o.s.mock.web.MockServletContext          : Initializing Spring TestDispatcherServlet ''
2023-05-07T08:21:16.706+09:00  INFO 86524 --- [    Test worker] o.s.t.web.servlet.TestDispatcherServlet  : Initializing Servlet ''
2023-05-07T08:21:16.706+09:00  INFO 86524 --- [    Test worker] o.s.t.web.servlet.TestDispatcherServlet  : Completed initialization in 0 ms
2023-05-07T08:21:16.707+09:00  INFO 86524 --- [    Test worker] c.e.g.d.user.controller.UserController   : logout
2023-05-07T08:21:16.713+09:00  INFO 86524 --- [    Test worker] o.s.mock.web.MockServletContext          : Initializing Spring TestDispatcherServlet ''
2023-05-07T08:21:16.713+09:00  INFO 86524 --- [    Test worker] o.s.t.web.servlet.TestDispatcherServlet  : Initializing Servlet ''
2023-05-07T08:21:16.713+09:00  INFO 86524 --- [    Test worker] o.s.t.web.servlet.TestDispatcherServlet  : Completed initialization in 0 ms
2023-05-07T08:21:16.724+09:00  INFO 86524 --- [    Test worker] o.s.mock.web.MockServletContext          : Initializing Spring TestDispatcherServlet ''
2023-05-07T08:21:16.724+09:00  INFO 86524 --- [    Test worker] o.s.t.web.servlet.TestDispatcherServlet  : Initializing Servlet ''
2023-05-07T08:21:16.724+09:00  INFO 86524 --- [    Test worker] o.s.t.web.servlet.TestDispatcherServlet  : Completed initialization in 0 ms
2023-05-07T08:21:16.728+09:00  INFO 86524 --- [    Test worker] c.e.g.d.user.controller.UserController   : jmk7117@naver.com
2023-05-07T08:21:16.728+09:00  INFO 86524 --- [    Test worker] c.e.g.d.user.controller.UserController   : 123456abc
]]></system-out>
  <system-err><![CDATA[]]></system-err>
</testsuite>
