<?xml version="1.0" encoding="UTF-8"?>
<testsuite name="com.example.goodWriting.domain.user.controller.UserControllerAdviceTest" tests="3" skipped="0" failures="0" errors="0" timestamp="2023-05-06T23:21:16" hostname="gimminjun-ui-MacBookAir.local" time="0.045">
  <properties/>
  <testcase name="API 응답 -로그인시 해당하는 유저를 찾을 수 없다." classname="com.example.goodWriting.domain.user.controller.UserControllerAdviceTest" time="0.025"/>
  <testcase name="API 응답 - 회원가입시 이메일이 이미 존재한다" classname="com.example.goodWriting.domain.user.controller.UserControllerAdviceTest" time="0.01"/>
  <testcase name="API 응답 - 회원가입시 비밀번호와 비밀번호체크가 일치하지 않는다." classname="com.example.goodWriting.domain.user.controller.UserControllerAdviceTest" time="0.01"/>
  <system-out><![CDATA[2023-05-07T08:21:16.669+09:00  INFO 86524 --- [    Test worker] o.s.mock.web.MockServletContext          : Initializing Spring TestDispatcherServlet ''
2023-05-07T08:21:16.669+09:00  INFO 86524 --- [    Test worker] o.s.t.web.servlet.TestDispatcherServlet  : Initializing Servlet ''
2023-05-07T08:21:16.669+09:00  INFO 86524 --- [    Test worker] o.s.t.web.servlet.TestDispatcherServlet  : Completed initialization in 0 ms
2023-05-07T08:21:16.678+09:00  INFO 86524 --- [    Test worker] c.e.g.d.user.controller.UserController   : email@naver.com
2023-05-07T08:21:16.678+09:00  INFO 86524 --- [    Test worker] c.e.g.d.user.controller.UserController   : 123456abc
2023-05-07T08:21:16.678+09:00  INFO 86524 --- [    Test worker] c.e.g.d.u.c.UserControllerAdvice         : notFountUserException
2023-05-07T08:21:16.684+09:00  INFO 86524 --- [    Test worker] o.s.mock.web.MockServletContext          : Initializing Spring TestDispatcherServlet ''
2023-05-07T08:21:16.684+09:00  INFO 86524 --- [    Test worker] o.s.t.web.servlet.TestDispatcherServlet  : Initializing Servlet ''
2023-05-07T08:21:16.684+09:00  INFO 86524 --- [    Test worker] o.s.t.web.servlet.TestDispatcherServlet  : Completed initialization in 0 ms
2023-05-07T08:21:16.688+09:00  INFO 86524 --- [    Test worker] c.e.g.d.u.c.UserControllerAdvice         : userEmailAlreadyException
2023-05-07T08:21:16.694+09:00  INFO 86524 --- [    Test worker] o.s.mock.web.MockServletContext          : Initializing Spring TestDispatcherServlet ''
2023-05-07T08:21:16.694+09:00  INFO 86524 --- [    Test worker] o.s.t.web.servlet.TestDispatcherServlet  : Initializing Servlet ''
2023-05-07T08:21:16.694+09:00  INFO 86524 --- [    Test worker] o.s.t.web.servlet.TestDispatcherServlet  : Completed initialization in 0 ms
2023-05-07T08:21:16.698+09:00  INFO 86524 --- [    Test worker] c.e.g.d.u.c.UserControllerAdvice         : passwordNotMatchedException
]]></system-out>
  <system-err><![CDATA[]]></system-err>
</testsuite>
