<?xml version="1.0" encoding="UTF-8"?>
<testsuite name="com.example.goodWriting.CrawlerTest" tests="1" skipped="0" failures="0" errors="0" timestamp="2023-05-07T07:39:31" hostname="gimminjun-ui-MacBookAir.local" time="0.726">
  <properties/>
  <testcase name="입력된 URL에서 이미지,제목,설명을 크롤링한다" classname="com.example.goodWriting.CrawlerTest" time="0.726"/>
  <system-out><![CDATA[트랜잭션 격리 수준
Transaction Isolation Level 애플리케이션을 개발 중 데이터베이스를 도입하면 격리 수준에 대한 이해가 자연스럽게 요구됩니다. 격리 수준은 데이터베이스의 ACID 성질 중 Isolation…
https://tecoble.techcourse.co.kr/static/d02da977d5a68a2002191769b580652c/84afe/albur.png
]]></system-out>
  <system-err><![CDATA[]]></system-err>
</testsuite>
