<?xml version="1.0" encoding="UTF-8"?>
<testsuite name="com.example.goodWriting.domain.user.dto.UserRequestValidationTest" tests="3" skipped="0" failures="0" errors="0" timestamp="2023-05-19T03:07:16" hostname="gimminjun-ui-MacBookAir.local" time="0.007">
  <properties/>
  <testcase name="이메일 미입력" classname="com.example.goodWriting.domain.user.dto.UserRequestValidationTest" time="0.001"/>
  <testcase name="이메일이 regex를 만족하지 못한다" classname="com.example.goodWriting.domain.user.dto.UserRequestValidationTest" time="0.001"/>
  <testcase name="비밀번호 미입력" classname="com.example.goodWriting.domain.user.dto.UserRequestValidationTest" time="0.002"/>
  <system-out><![CDATA[]]></system-out>
  <system-err><![CDATA[]]></system-err>
</testsuite>
