<?xml version="1.0" encoding="UTF-8"?>
<testsuite name="com.example.goodWriting.domain.post.controller.PostControllerTest" tests="2" skipped="0" failures="0" errors="0" timestamp="2023-05-06T23:21:16" hostname="gimminjun-ui-MacBookAir.local" time="0.021">
  <properties/>
  <testcase name="POST 생성" classname="com.example.goodWriting.domain.post.controller.PostControllerTest" time="0.009"/>
  <testcase name="POST 임시 생성" classname="com.example.goodWriting.domain.post.controller.PostControllerTest" time="0.011"/>
  <system-out><![CDATA[2023-05-07T08:21:16.516+09:00  INFO 86524 --- [    Test worker] o.s.mock.web.MockServletContext          : Initializing Spring TestDispatcherServlet ''
2023-05-07T08:21:16.517+09:00  INFO 86524 --- [    Test worker] o.s.t.web.servlet.TestDispatcherServlet  : Initializing Servlet ''
2023-05-07T08:21:16.517+09:00  INFO 86524 --- [    Test worker] o.s.t.web.servlet.TestDispatcherServlet  : Completed initialization in 0 ms
2023-05-07T08:21:16.527+09:00  INFO 86524 --- [    Test worker] o.s.mock.web.MockServletContext          : Initializing Spring TestDispatcherServlet ''
2023-05-07T08:21:16.527+09:00  INFO 86524 --- [    Test worker] o.s.t.web.servlet.TestDispatcherServlet  : Initializing Servlet ''
2023-05-07T08:21:16.527+09:00  INFO 86524 --- [    Test worker] o.s.t.web.servlet.TestDispatcherServlet  : Completed initialization in 0 ms
]]></system-out>
  <system-err><![CDATA[]]></system-err>
</testsuite>
